Determining if the pthread_create exist failed with the following output:
Change Dir: /home/anlei/ORB_SLAM2_modified/Examples/ROS/ORB_SLAM2/build/CMakeFiles/CMakeTmp

Run Build Command:"/usr/bin/make" "cmTC_b947d/fast"
/usr/bin/make -f CMakeFiles/cmTC_b947d.dir/build.make CMakeFiles/cmTC_b947d.dir/build
make[1]: 进入目录“/home/anlei/ORB_SLAM2_modified/Examples/ROS/ORB_SLAM2/build/CMakeFiles/CMakeTmp”
Building C object CMakeFiles/cmTC_b947d.dir/CheckSymbolExists.c.o
/usr/bin/cc    -o CMakeFiles/cmTC_b947d.dir/CheckSymbolExists.c.o   -c /home/anlei/ORB_SLAM2_modified/Examples/ROS/ORB_SLAM2/build/CMakeFiles/CMakeTmp/CheckSymbolExists.c
Linking C executable cmTC_b947d
/usr/bin/cmake -E cmake_link_script CMakeFiles/cmTC_b947d.dir/link.txt --verbose=1
/usr/bin/cc      -rdynamic CMakeFiles/cmTC_b947d.dir/CheckSymbolExists.c.o  -o cmTC_b947d 
CMakeFiles/cmTC_b947d.dir/CheckSymbolExists.c.o：在函数‘main’中：
CheckSymbolExists.c:(.text+0x1b)：对‘pthread_create’未定义的引用
collect2: error: ld returned 1 exit status
CMakeFiles/cmTC_b947d.dir/build.make:97: recipe for target 'cmTC_b947d' failed
make[1]: *** [cmTC_b947d] Error 1
make[1]: 离开目录“/home/anlei/ORB_SLAM2_modified/Examples/ROS/ORB_SLAM2/build/CMakeFiles/CMakeTmp”
Makefile:126: recipe for target 'cmTC_b947d/fast' failed
make: *** [cmTC_b947d/fast] Error 2

File /home/anlei/ORB_SLAM2_modified/Examples/ROS/ORB_SLAM2/build/CMakeFiles/CMakeTmp/CheckSymbolExists.c:
/* */
#include <pthread.h>

int main(int argc, char** argv)
{
  (void)argv;
#ifndef pthread_create
  return ((int*)(&pthread_create))[argc];
#else
  (void)argc;
  return 0;
#endif
}

Determining if the function pthread_create exists in the pthreads failed with the following output:
Change Dir: /home/anlei/ORB_SLAM2_modified/Examples/ROS/ORB_SLAM2/build/CMakeFiles/CMakeTmp

Run Build Command:"/usr/bin/make" "cmTC_67f84/fast"
/usr/bin/make -f CMakeFiles/cmTC_67f84.dir/build.make CMakeFiles/cmTC_67f84.dir/build
make[1]: 进入目录“/home/anlei/ORB_SLAM2_modified/Examples/ROS/ORB_SLAM2/build/CMakeFiles/CMakeTmp”
Building C object CMakeFiles/cmTC_67f84.dir/CheckFunctionExists.c.o
/usr/bin/cc   -DCHECK_FUNCTION_EXISTS=pthread_create   -o CMakeFiles/cmTC_67f84.dir/CheckFunctionExists.c.o   -c /usr/share/cmake-3.10/Modules/CheckFunctionExists.c
Linking C executable cmTC_67f84
/usr/bin/cmake -E cmake_link_script CMakeFiles/cmTC_67f84.dir/link.txt --verbose=1
/usr/bin/cc  -DCHECK_FUNCTION_EXISTS=pthread_create    -rdynamic CMakeFiles/cmTC_67f84.dir/CheckFunctionExists.c.o  -o cmTC_67f84 -lpthreads 
/usr/bin/ld: 找不到 -lpthreads
collect2: error: ld returned 1 exit status
CMakeFiles/cmTC_67f84.dir/build.make:97: recipe for target 'cmTC_67f84' failed
make[1]: *** [cmTC_67f84] Error 1
make[1]: 离开目录“/home/anlei/ORB_SLAM2_modified/Examples/ROS/ORB_SLAM2/build/CMakeFiles/CMakeTmp”
Makefile:126: recipe for target 'cmTC_67f84/fast' failed
make: *** [cmTC_67f84/fast] Error 2


